
-----
Test: tests/test_booker_api.py::TestCreateBooking::test_create_new_booking (call)
Time: 2024-11-25 19:37:57.176484
Request method: POST
Request URL: https://restful-booker.herokuapp.com/booking

Response code: 200
Response text: {"bookingid":3993,"booking":{"firstname":"Jim","lastname":"Brown","totalprice":111,"depositpaid":true,"bookingdates":{"checkin":"2018-01-01","checkout":"2019-01-01"},"additionalneeds":"Breakfast"}}
Response headers: {'Server': 'Cowboy', 'Report-To': '{"group":"heroku-nel","max_age":3600,"endpoints":[{"url":"https://nel.heroku.com/reports?ts=1732552678&sid=c46efe9b-d3d2-4a0c-8c76-bfafa16c5add&s=HXzLjJhQZh7IAY9eVxtp1IYQgDqcjUYrhOLwEERrKj8%3D"}]}', 'Reporting-Endpoints': 'heroku-nel=https://nel.heroku.com/reports?ts=1732552678&sid=c46efe9b-d3d2-4a0c-8c76-bfafa16c5add&s=HXzLjJhQZh7IAY9eVxtp1IYQgDqcjUYrhOLwEERrKj8%3D', 'Nel': '{"report_to":"heroku-nel","max_age":3600,"success_fraction":0.005,"failure_fraction":0.05,"response_headers":["Via"]}', 'Connection': 'keep-alive', 'X-Powered-By': 'Express', 'Content-Type': 'application/json; charset=utf-8', 'Content-Length': '197', 'Etag': 'W/"c5-xbjTZvmngnAl3Wb9P1p2mfogEZw"', 'Date': 'Mon, 25 Nov 2024 16:37:58 GMT', 'Via': '1.1 vegur'}
Response cookies: {}

-----

-----
Test: tests/test_booker_api.py::TestCreateBooking::test_create_new_booking (call)
Time: 2024-11-25 19:37:58.076697
Request method: GET
Request URL: https://restful-booker.herokuapp.com/booking/3993

Response code: 200
Response text: {"firstname":"Jim","lastname":"Brown","totalprice":111,"depositpaid":true,"bookingdates":{"checkin":"2018-01-01","checkout":"2019-01-01"},"additionalneeds":"Breakfast"}
Response headers: {'Server': 'Cowboy', 'Report-To': '{"group":"heroku-nel","max_age":3600,"endpoints":[{"url":"https://nel.heroku.com/reports?ts=1732552679&sid=c46efe9b-d3d2-4a0c-8c76-bfafa16c5add&s=mE1Xa2VNXOLoxEs7KMM3qe97r9zjgBc74eflXR5j0t8%3D"}]}', 'Reporting-Endpoints': 'heroku-nel=https://nel.heroku.com/reports?ts=1732552679&sid=c46efe9b-d3d2-4a0c-8c76-bfafa16c5add&s=mE1Xa2VNXOLoxEs7KMM3qe97r9zjgBc74eflXR5j0t8%3D', 'Nel': '{"report_to":"heroku-nel","max_age":3600,"success_fraction":0.005,"failure_fraction":0.05,"response_headers":["Via"]}', 'Connection': 'keep-alive', 'X-Powered-By': 'Express', 'Content-Type': 'application/json; charset=utf-8', 'Content-Length': '168', 'Etag': 'W/"a8-p5uB2C7mxZA3HXJZF+tJCDJr8VE"', 'Date': 'Mon, 25 Nov 2024 16:37:59 GMT', 'Via': '1.1 vegur'}
Response cookies: {}

-----

-----
Test: tests/test_booker_api.py::TestCreateBooking::test_create_new_booking (call)
Time: 2024-11-25 19:37:58.653407
Request method: PUT
Request URL: https://restful-booker.herokuapp.com/booking/3993

Response code: 200
Response text: {"firstname":"James","lastname":"Brown","totalprice":111,"depositpaid":true,"bookingdates":{"checkin":"2018-01-01","checkout":"2019-01-01"},"additionalneeds":"Breakfast"}
Response headers: {'Server': 'Cowboy', 'Report-To': '{"group":"heroku-nel","max_age":3600,"endpoints":[{"url":"https://nel.heroku.com/reports?ts=1732552679&sid=c46efe9b-d3d2-4a0c-8c76-bfafa16c5add&s=mE1Xa2VNXOLoxEs7KMM3qe97r9zjgBc74eflXR5j0t8%3D"}]}', 'Reporting-Endpoints': 'heroku-nel=https://nel.heroku.com/reports?ts=1732552679&sid=c46efe9b-d3d2-4a0c-8c76-bfafa16c5add&s=mE1Xa2VNXOLoxEs7KMM3qe97r9zjgBc74eflXR5j0t8%3D', 'Nel': '{"report_to":"heroku-nel","max_age":3600,"success_fraction":0.005,"failure_fraction":0.05,"response_headers":["Via"]}', 'Connection': 'keep-alive', 'X-Powered-By': 'Express', 'Content-Type': 'application/json; charset=utf-8', 'Content-Length': '170', 'Etag': 'W/"aa-waBDObUc25azXZ1Gkrz0LIEDGrg"', 'Date': 'Mon, 25 Nov 2024 16:37:59 GMT', 'Via': '1.1 vegur'}
Response cookies: {}

-----

-----
Test: tests/test_booker_api.py::TestCreateBooking::test_create_new_booking (call)
Time: 2024-11-25 19:37:59.246374
Request method: GET
Request URL: https://restful-booker.herokuapp.com/booking/3993

Response code: 200
Response text: {"firstname":"James","lastname":"Brown","totalprice":111,"depositpaid":true,"bookingdates":{"checkin":"2018-01-01","checkout":"2019-01-01"},"additionalneeds":"Breakfast"}
Response headers: {'Server': 'Cowboy', 'Report-To': '{"group":"heroku-nel","max_age":3600,"endpoints":[{"url":"https://nel.heroku.com/reports?ts=1732552680&sid=c46efe9b-d3d2-4a0c-8c76-bfafa16c5add&s=0D21qYKunkr7ZtXb4VZ%2Fs1x0NFg6sjddVIQlL1t%2Bcqw%3D"}]}', 'Reporting-Endpoints': 'heroku-nel=https://nel.heroku.com/reports?ts=1732552680&sid=c46efe9b-d3d2-4a0c-8c76-bfafa16c5add&s=0D21qYKunkr7ZtXb4VZ%2Fs1x0NFg6sjddVIQlL1t%2Bcqw%3D', 'Nel': '{"report_to":"heroku-nel","max_age":3600,"success_fraction":0.005,"failure_fraction":0.05,"response_headers":["Via"]}', 'Connection': 'keep-alive', 'X-Powered-By': 'Express', 'Content-Type': 'application/json; charset=utf-8', 'Content-Length': '170', 'Etag': 'W/"aa-waBDObUc25azXZ1Gkrz0LIEDGrg"', 'Date': 'Mon, 25 Nov 2024 16:38:00 GMT', 'Via': '1.1 vegur'}
Response cookies: {}

-----

-----
Test: tests/test_booker_api.py::TestCreateBooking::test_create_new_booking (call)
Time: 2024-11-25 19:37:59.853822
Request method: PATCH
Request URL: https://restful-booker.herokuapp.com/booking/3993

Response code: 200
Response text: {"firstname":"James","lastname":"Brown","totalprice":150,"depositpaid":true,"bookingdates":{"checkin":"2018-01-01","checkout":"2019-01-01"},"additionalneeds":"Breakfast, Lunch"}
Response headers: {'Server': 'Cowboy', 'Report-To': '{"group":"heroku-nel","max_age":3600,"endpoints":[{"url":"https://nel.heroku.com/reports?ts=1732552681&sid=c46efe9b-d3d2-4a0c-8c76-bfafa16c5add&s=onTMfBvru6IGFBbckkbFYdZ6pkLfhav3KwcMqNhGYqg%3D"}]}', 'Reporting-Endpoints': 'heroku-nel=https://nel.heroku.com/reports?ts=1732552681&sid=c46efe9b-d3d2-4a0c-8c76-bfafa16c5add&s=onTMfBvru6IGFBbckkbFYdZ6pkLfhav3KwcMqNhGYqg%3D', 'Nel': '{"report_to":"heroku-nel","max_age":3600,"success_fraction":0.005,"failure_fraction":0.05,"response_headers":["Via"]}', 'Connection': 'keep-alive', 'X-Powered-By': 'Express', 'Content-Type': 'application/json; charset=utf-8', 'Content-Length': '177', 'Etag': 'W/"b1-ZlezPZ7uU/H2JXFzQauslknaCC8"', 'Date': 'Mon, 25 Nov 2024 16:38:01 GMT', 'Via': '1.1 vegur'}
Response cookies: {}

-----

-----
Test: tests/test_booker_api.py::TestCreateBooking::test_create_new_booking (call)
Time: 2024-11-25 19:38:00.463960
Request method: GET
Request URL: https://restful-booker.herokuapp.com/booking/3993

Response code: 200
Response text: {"firstname":"James","lastname":"Brown","totalprice":150,"depositpaid":true,"bookingdates":{"checkin":"2018-01-01","checkout":"2019-01-01"},"additionalneeds":"Breakfast, Lunch"}
Response headers: {'Server': 'Cowboy', 'Report-To': '{"group":"heroku-nel","max_age":3600,"endpoints":[{"url":"https://nel.heroku.com/reports?ts=1732552681&sid=c46efe9b-d3d2-4a0c-8c76-bfafa16c5add&s=onTMfBvru6IGFBbckkbFYdZ6pkLfhav3KwcMqNhGYqg%3D"}]}', 'Reporting-Endpoints': 'heroku-nel=https://nel.heroku.com/reports?ts=1732552681&sid=c46efe9b-d3d2-4a0c-8c76-bfafa16c5add&s=onTMfBvru6IGFBbckkbFYdZ6pkLfhav3KwcMqNhGYqg%3D', 'Nel': '{"report_to":"heroku-nel","max_age":3600,"success_fraction":0.005,"failure_fraction":0.05,"response_headers":["Via"]}', 'Connection': 'keep-alive', 'X-Powered-By': 'Express', 'Content-Type': 'application/json; charset=utf-8', 'Content-Length': '177', 'Etag': 'W/"b1-ZlezPZ7uU/H2JXFzQauslknaCC8"', 'Date': 'Mon, 25 Nov 2024 16:38:01 GMT', 'Via': '1.1 vegur'}
Response cookies: {}

-----

-----
Test: tests/test_booker_api.py::TestCreateBooking::test_create_new_booking (call)
Time: 2024-11-25 19:38:01.058301
Request method: DELETE
Request URL: https://restful-booker.herokuapp.com/booking/3993

Response code: 201
Response text: Created
Response headers: {'Server': 'Cowboy', 'Report-To': '{"group":"heroku-nel","max_age":3600,"endpoints":[{"url":"https://nel.heroku.com/reports?ts=1732552682&sid=c46efe9b-d3d2-4a0c-8c76-bfafa16c5add&s=C1xXIu%2FDQ%2Fv5mD8j6O%2FWxYSJfVq2qQWg2nxerXBLMt0%3D"}]}', 'Reporting-Endpoints': 'heroku-nel=https://nel.heroku.com/reports?ts=1732552682&sid=c46efe9b-d3d2-4a0c-8c76-bfafa16c5add&s=C1xXIu%2FDQ%2Fv5mD8j6O%2FWxYSJfVq2qQWg2nxerXBLMt0%3D', 'Nel': '{"report_to":"heroku-nel","max_age":3600,"success_fraction":0.005,"failure_fraction":0.05,"response_headers":["Via"]}', 'Connection': 'keep-alive', 'X-Powered-By': 'Express', 'Content-Type': 'text/plain; charset=utf-8', 'Content-Length': '7', 'Etag': 'W/"7-rM9AyJuqT6iOan/xHh+AW+7K/T8"', 'Date': 'Mon, 25 Nov 2024 16:38:02 GMT', 'Via': '1.1 vegur'}
Response cookies: {}

-----

-----
Test: tests/test_booker_api.py::TestCreateBooking::test_create_new_booking (call)
Time: 2024-11-25 19:38:01.643650
Request method: GET
Request URL: https://restful-booker.herokuapp.com/booking/3993

Response code: 404
Response text: Not Found
Response headers: {'Server': 'Cowboy', 'Report-To': '{"group":"heroku-nel","max_age":3600,"endpoints":[{"url":"https://nel.heroku.com/reports?ts=1732552682&sid=c46efe9b-d3d2-4a0c-8c76-bfafa16c5add&s=C1xXIu%2FDQ%2Fv5mD8j6O%2FWxYSJfVq2qQWg2nxerXBLMt0%3D"}]}', 'Reporting-Endpoints': 'heroku-nel=https://nel.heroku.com/reports?ts=1732552682&sid=c46efe9b-d3d2-4a0c-8c76-bfafa16c5add&s=C1xXIu%2FDQ%2Fv5mD8j6O%2FWxYSJfVq2qQWg2nxerXBLMt0%3D', 'Nel': '{"report_to":"heroku-nel","max_age":3600,"success_fraction":0.005,"failure_fraction":0.05,"response_headers":["Via"]}', 'Connection': 'keep-alive', 'X-Powered-By': 'Express', 'Content-Type': 'text/plain; charset=utf-8', 'Content-Length': '9', 'Etag': 'W/"9-0gXL1ngzMqISxa6S1zx3F4wtLyg"', 'Date': 'Mon, 25 Nov 2024 16:38:02 GMT', 'Via': '1.1 vegur'}
Response cookies: {}

-----
