
-----
Test: tests/test_booker_api.py::TestCreateBooking::test_create_new_booking (call)
Time: 2024-11-25 19:28:47.900464
Request method: POST
Request URL: https://restful-booker.herokuapp.com/booking

Response code: 200
Response text: {"bookingid":4252,"booking":{"firstname":"Jim","lastname":"Brown","totalprice":111,"depositpaid":true,"bookingdates":{"checkin":"2018-01-01","checkout":"2019-01-01"},"additionalneeds":"Breakfast"}}
Response headers: {'Server': 'Cowboy', 'Report-To': '{"group":"heroku-nel","max_age":3600,"endpoints":[{"url":"https://nel.heroku.com/reports?ts=1732552129&sid=c46efe9b-d3d2-4a0c-8c76-bfafa16c5add&s=pPR2NieTHkxr0PIcNEhumxh2Y8FcxkY%2FDWJkMGMqCUQ%3D"}]}', 'Reporting-Endpoints': 'heroku-nel=https://nel.heroku.com/reports?ts=1732552129&sid=c46efe9b-d3d2-4a0c-8c76-bfafa16c5add&s=pPR2NieTHkxr0PIcNEhumxh2Y8FcxkY%2FDWJkMGMqCUQ%3D', 'Nel': '{"report_to":"heroku-nel","max_age":3600,"success_fraction":0.005,"failure_fraction":0.05,"response_headers":["Via"]}', 'Connection': 'keep-alive', 'X-Powered-By': 'Express', 'Content-Type': 'application/json; charset=utf-8', 'Content-Length': '197', 'Etag': 'W/"c5-cweNAZ2181MnAAeJZhbaLPZxgCw"', 'Date': 'Mon, 25 Nov 2024 16:28:49 GMT', 'Via': '1.1 vegur'}
Response cookies: {}

-----

-----
Test: tests/test_booker_api.py::TestCreateBooking::test_create_new_booking (call)
Time: 2024-11-25 19:28:48.685016
Request method: GET
Request URL: https://restful-booker.herokuapp.com/booking/4252

Response code: 200
Response text: {"firstname":"Jim","lastname":"Brown","totalprice":111,"depositpaid":true,"bookingdates":{"checkin":"2018-01-01","checkout":"2019-01-01"},"additionalneeds":"Breakfast"}
Response headers: {'Server': 'Cowboy', 'Report-To': '{"group":"heroku-nel","max_age":3600,"endpoints":[{"url":"https://nel.heroku.com/reports?ts=1732552129&sid=c46efe9b-d3d2-4a0c-8c76-bfafa16c5add&s=pPR2NieTHkxr0PIcNEhumxh2Y8FcxkY%2FDWJkMGMqCUQ%3D"}]}', 'Reporting-Endpoints': 'heroku-nel=https://nel.heroku.com/reports?ts=1732552129&sid=c46efe9b-d3d2-4a0c-8c76-bfafa16c5add&s=pPR2NieTHkxr0PIcNEhumxh2Y8FcxkY%2FDWJkMGMqCUQ%3D', 'Nel': '{"report_to":"heroku-nel","max_age":3600,"success_fraction":0.005,"failure_fraction":0.05,"response_headers":["Via"]}', 'Connection': 'keep-alive', 'X-Powered-By': 'Express', 'Content-Type': 'application/json; charset=utf-8', 'Content-Length': '168', 'Etag': 'W/"a8-p5uB2C7mxZA3HXJZF+tJCDJr8VE"', 'Date': 'Mon, 25 Nov 2024 16:28:49 GMT', 'Via': '1.1 vegur'}
Response cookies: {}

-----

-----
Test: tests/test_booker_api.py::TestCreateBooking::test_create_new_booking (call)
Time: 2024-11-25 19:28:49.279514
Request method: PUT
Request URL: https://restful-booker.herokuapp.com/booking/4252

Response code: 200
Response text: {"firstname":"James","lastname":"Brown","totalprice":111,"depositpaid":true,"bookingdates":{"checkin":"2018-01-01","checkout":"2019-01-01"},"additionalneeds":"Breakfast"}
Response headers: {'Server': 'Cowboy', 'Report-To': '{"group":"heroku-nel","max_age":3600,"endpoints":[{"url":"https://nel.heroku.com/reports?ts=1732552130&sid=c46efe9b-d3d2-4a0c-8c76-bfafa16c5add&s=zGbEvCSwxBtqrqlqxhD4qrUejheqpM9Np0i9Ji2oUXQ%3D"}]}', 'Reporting-Endpoints': 'heroku-nel=https://nel.heroku.com/reports?ts=1732552130&sid=c46efe9b-d3d2-4a0c-8c76-bfafa16c5add&s=zGbEvCSwxBtqrqlqxhD4qrUejheqpM9Np0i9Ji2oUXQ%3D', 'Nel': '{"report_to":"heroku-nel","max_age":3600,"success_fraction":0.005,"failure_fraction":0.05,"response_headers":["Via"]}', 'Connection': 'keep-alive', 'X-Powered-By': 'Express', 'Content-Type': 'application/json; charset=utf-8', 'Content-Length': '170', 'Etag': 'W/"aa-waBDObUc25azXZ1Gkrz0LIEDGrg"', 'Date': 'Mon, 25 Nov 2024 16:28:50 GMT', 'Via': '1.1 vegur'}
Response cookies: {}

-----

-----
Test: tests/test_booker_api.py::TestCreateBooking::test_create_new_booking (call)
Time: 2024-11-25 19:28:50.325444
Request method: GET
Request URL: https://restful-booker.herokuapp.com/booking/4252

Response code: 200
Response text: {"firstname":"James","lastname":"Brown","totalprice":111,"depositpaid":true,"bookingdates":{"checkin":"2018-01-01","checkout":"2019-01-01"},"additionalneeds":"Breakfast"}
Response headers: {'Server': 'Cowboy', 'Report-To': '{"group":"heroku-nel","max_age":3600,"endpoints":[{"url":"https://nel.heroku.com/reports?ts=1732552131&sid=c46efe9b-d3d2-4a0c-8c76-bfafa16c5add&s=oD%2BaOJh6mTg3s8d0X8xLeDWKMQ3X%2FAQjuqyUeNj8OP8%3D"}]}', 'Reporting-Endpoints': 'heroku-nel=https://nel.heroku.com/reports?ts=1732552131&sid=c46efe9b-d3d2-4a0c-8c76-bfafa16c5add&s=oD%2BaOJh6mTg3s8d0X8xLeDWKMQ3X%2FAQjuqyUeNj8OP8%3D', 'Nel': '{"report_to":"heroku-nel","max_age":3600,"success_fraction":0.005,"failure_fraction":0.05,"response_headers":["Via"]}', 'Connection': 'keep-alive', 'X-Powered-By': 'Express', 'Content-Type': 'application/json; charset=utf-8', 'Content-Length': '170', 'Etag': 'W/"aa-waBDObUc25azXZ1Gkrz0LIEDGrg"', 'Date': 'Mon, 25 Nov 2024 16:28:51 GMT', 'Via': '1.1 vegur'}
Response cookies: {}

-----

-----
Test: tests/test_booker_api.py::TestCreateBooking::test_create_new_booking (call)
Time: 2024-11-25 19:28:51.163423
Request method: PATCH
Request URL: https://restful-booker.herokuapp.com/booking/4252

Response code: 200
Response text: {"firstname":"James","lastname":"Brown","totalprice":150,"depositpaid":true,"bookingdates":{"checkin":"2018-01-01","checkout":"2019-01-01"},"additionalneeds":"Breakfast, Lunch"}
Response headers: {'Server': 'Cowboy', 'Report-To': '{"group":"heroku-nel","max_age":3600,"endpoints":[{"url":"https://nel.heroku.com/reports?ts=1732552132&sid=c46efe9b-d3d2-4a0c-8c76-bfafa16c5add&s=kv4Kawthmp087XUBE%2FXbCoXAxfkyXCFcVmvC8bVoF38%3D"}]}', 'Reporting-Endpoints': 'heroku-nel=https://nel.heroku.com/reports?ts=1732552132&sid=c46efe9b-d3d2-4a0c-8c76-bfafa16c5add&s=kv4Kawthmp087XUBE%2FXbCoXAxfkyXCFcVmvC8bVoF38%3D', 'Nel': '{"report_to":"heroku-nel","max_age":3600,"success_fraction":0.005,"failure_fraction":0.05,"response_headers":["Via"]}', 'Connection': 'keep-alive', 'X-Powered-By': 'Express', 'Content-Type': 'application/json; charset=utf-8', 'Content-Length': '177', 'Etag': 'W/"b1-ZlezPZ7uU/H2JXFzQauslknaCC8"', 'Date': 'Mon, 25 Nov 2024 16:28:52 GMT', 'Via': '1.1 vegur'}
Response cookies: {}

-----

-----
Test: tests/test_booker_api.py::TestCreateBooking::test_create_new_booking (call)
Time: 2024-11-25 19:28:51.810506
Request method: GET
Request URL: https://restful-booker.herokuapp.com/booking/4252

Response code: 200
Response text: {"firstname":"James","lastname":"Brown","totalprice":150,"depositpaid":true,"bookingdates":{"checkin":"2018-01-01","checkout":"2019-01-01"},"additionalneeds":"Breakfast, Lunch"}
Response headers: {'Server': 'Cowboy', 'Report-To': '{"group":"heroku-nel","max_age":3600,"endpoints":[{"url":"https://nel.heroku.com/reports?ts=1732552133&sid=c46efe9b-d3d2-4a0c-8c76-bfafa16c5add&s=l965a7KjF4DxYFn20IiZjG21lTxRJUf%2BdEtZuGJYBZk%3D"}]}', 'Reporting-Endpoints': 'heroku-nel=https://nel.heroku.com/reports?ts=1732552133&sid=c46efe9b-d3d2-4a0c-8c76-bfafa16c5add&s=l965a7KjF4DxYFn20IiZjG21lTxRJUf%2BdEtZuGJYBZk%3D', 'Nel': '{"report_to":"heroku-nel","max_age":3600,"success_fraction":0.005,"failure_fraction":0.05,"response_headers":["Via"]}', 'Connection': 'keep-alive', 'X-Powered-By': 'Express', 'Content-Type': 'application/json; charset=utf-8', 'Content-Length': '177', 'Etag': 'W/"b1-ZlezPZ7uU/H2JXFzQauslknaCC8"', 'Date': 'Mon, 25 Nov 2024 16:28:53 GMT', 'Via': '1.1 vegur'}
Response cookies: {}

-----

-----
Test: tests/test_booker_api.py::TestCreateBooking::test_create_new_booking (call)
Time: 2024-11-25 19:28:52.396675
Request method: DELETE
Request URL: https://restful-booker.herokuapp.com/booking/4252

Response code: 201
Response text: Created
Response headers: {'Server': 'Cowboy', 'Report-To': '{"group":"heroku-nel","max_age":3600,"endpoints":[{"url":"https://nel.heroku.com/reports?ts=1732552133&sid=c46efe9b-d3d2-4a0c-8c76-bfafa16c5add&s=l965a7KjF4DxYFn20IiZjG21lTxRJUf%2BdEtZuGJYBZk%3D"}]}', 'Reporting-Endpoints': 'heroku-nel=https://nel.heroku.com/reports?ts=1732552133&sid=c46efe9b-d3d2-4a0c-8c76-bfafa16c5add&s=l965a7KjF4DxYFn20IiZjG21lTxRJUf%2BdEtZuGJYBZk%3D', 'Nel': '{"report_to":"heroku-nel","max_age":3600,"success_fraction":0.005,"failure_fraction":0.05,"response_headers":["Via"]}', 'Connection': 'keep-alive', 'X-Powered-By': 'Express', 'Content-Type': 'text/plain; charset=utf-8', 'Content-Length': '7', 'Etag': 'W/"7-rM9AyJuqT6iOan/xHh+AW+7K/T8"', 'Date': 'Mon, 25 Nov 2024 16:28:53 GMT', 'Via': '1.1 vegur'}
Response cookies: {}

-----

-----
Test: tests/test_booker_api.py::TestCreateBooking::test_create_new_booking (call)
Time: 2024-11-25 19:28:52.998384
Request method: GET
Request URL: https://restful-booker.herokuapp.com/booking/4252

Response code: 404
Response text: Not Found
Response headers: {'Server': 'Cowboy', 'Report-To': '{"group":"heroku-nel","max_age":3600,"endpoints":[{"url":"https://nel.heroku.com/reports?ts=1732552134&sid=c46efe9b-d3d2-4a0c-8c76-bfafa16c5add&s=FY9032E74rZSn%2Bd9edMrD6XMMdpDzysazaVIVrM3WyU%3D"}]}', 'Reporting-Endpoints': 'heroku-nel=https://nel.heroku.com/reports?ts=1732552134&sid=c46efe9b-d3d2-4a0c-8c76-bfafa16c5add&s=FY9032E74rZSn%2Bd9edMrD6XMMdpDzysazaVIVrM3WyU%3D', 'Nel': '{"report_to":"heroku-nel","max_age":3600,"success_fraction":0.005,"failure_fraction":0.05,"response_headers":["Via"]}', 'Connection': 'keep-alive', 'X-Powered-By': 'Express', 'Content-Type': 'text/plain; charset=utf-8', 'Content-Length': '9', 'Etag': 'W/"9-0gXL1ngzMqISxa6S1zx3F4wtLyg"', 'Date': 'Mon, 25 Nov 2024 16:28:54 GMT', 'Via': '1.1 vegur'}
Response cookies: {}

-----
